<?xml version="1.0" encoding="UTF-8"?>
<testng-results ignored="0" total="1" passed="1" failed="0" skipped="0">
  <reporter-output>
  </reporter-output>
  <suite started-at="2022-10-26T18:51:30 IST" name="Default suite" finished-at="2022-10-26T18:51:35 IST" duration-ms="4788">
    <groups>
    </groups>
    <test started-at="2022-10-26T18:51:30 IST" name="Default test" finished-at="2022-10-26T18:51:35 IST" duration-ms="4788">
      <class name="Designpatterns.Designpatterns.DemoTest">
        <test-method signature="flightTest()[pri:0, instance:Designpatterns.Designpatterns.DemoTest@f2ff811]" started-at="2022-10-26T18:51:30 IST" name="flightTest" finished-at="2022-10-26T18:51:35 IST" duration-ms="4721" status="PASS">
          <reporter-output>
          </reporter-output>
        </test-method> <!-- flightTest -->
      </class> <!-- Designpatterns.Designpatterns.DemoTest -->
    </test> <!-- Default test -->
  </suite> <!-- Default suite -->
</testng-results>
